<?xml version="1.0" encoding="UTF-8"?>
<testng-results ignored="0" total="2" passed="2" failed="0" skipped="0">
  <reporter-output>
  </reporter-output>
  <suite started-at="2018-10-28T06:50:43Z" name="TestSuite" finished-at="2018-10-28T06:51:06Z" duration-ms="23201">
    <groups>
    </groups>
    <test started-at="2018-10-28T06:50:43Z" name="TestNGTest" finished-at="2018-10-28T06:51:06Z" duration-ms="23201">
      <class name="SeleniumClass11.TestNGTestCase1">
        <test-method is-config="true" signature="init()[pri:0, instance:SeleniumClass11.TestNGTestCase1@1018bde2]" started-at="2018-10-28T06:50:40Z" name="init" finished-at="2018-10-28T06:50:43Z" duration-ms="3481" status="PASS">
          <reporter-output>
          </reporter-output>
        </test-method> <!-- init -->
        <test-method signature="reg()[pri:0, instance:SeleniumClass11.TestNGTestCase1@1018bde2]" started-at="2018-10-28T06:50:43Z" name="reg" finished-at="2018-10-28T06:50:58Z" duration-ms="14774" status="PASS">
          <reporter-output>
          </reporter-output>
        </test-method> <!-- reg -->
        <test-method is-config="true" signature="destroy()[pri:0, instance:SeleniumClass11.TestNGTestCase1@1018bde2]" started-at="2018-10-28T06:51:06Z" name="destroy" finished-at="2018-10-28T06:51:07Z" duration-ms="720" status="PASS">
          <reporter-output>
          </reporter-output>
        </test-method> <!-- destroy -->
      </class> <!-- SeleniumClass11.TestNGTestCase1 -->
      <class name="SeleniumClass11.TestNGTestCase2">
        <test-method signature="login()[pri:1, instance:SeleniumClass11.TestNGTestCase2@65b3f4a4]" started-at="2018-10-28T06:50:58Z" name="login" finished-at="2018-10-28T06:51:06Z" duration-ms="8398" status="PASS">
          <reporter-output>
          </reporter-output>
        </test-method> <!-- login -->
      </class> <!-- SeleniumClass11.TestNGTestCase2 -->
    </test> <!-- TestNGTest -->
  </suite> <!-- TestSuite -->
</testng-results>
