<?xml version="1.0" encoding="UTF-8"?>
<!-- Generated by org.testng.reporters.JUnitXMLReporter -->
<testsuite ignored="7" hostname="ANKUSH-PC" failures="0" tests="1" name="TestNGDBTest" time="2.057" errors="0" timestamp="27 Oct 2018 06:06:28 GMT">
  <testcase classname="com.testng.db.TestNGDB1" name="TestNGDB1m1" time="2.02"/>
  <testcase classname="com.testng.db.TestNGDB1" name="TestNGDB1m2" time="0.0">
    <ignored/>
  </testcase> <!-- TestNGDB1m2 -->
  <testcase classname="com.testng.db.TestNGDB2" name="TestNGDB2m4" time="0.0">
    <ignored/>
  </testcase> <!-- TestNGDB2m4 -->
  <testcase classname="com.testng.db.TestNGDB1" name="TestNGDB1m3" time="0.0">
    <ignored/>
  </testcase> <!-- TestNGDB1m3 -->
  <testcase classname="com.testng.db.TestNGDB2" name="TestNGDB2m3" time="0.0">
    <ignored/>
  </testcase> <!-- TestNGDB2m3 -->
  <testcase classname="com.testng.db.TestNGDB1" name="TestNGDB1m4" time="0.0">
    <ignored/>
  </testcase> <!-- TestNGDB1m4 -->
  <testcase classname="com.testng.db.TestNGDB2" name="TestNGDB2m2" time="0.0">
    <ignored/>
  </testcase> <!-- TestNGDB2m2 -->
  <testcase classname="com.testng.db.TestNGDB2" name="TestNGDB2m1" time="0.0">
    <ignored/>
  </testcase> <!-- TestNGDB2m1 -->
</testsuite> <!-- TestNGDBTest -->
