<?xml version="1.0" encoding="UTF-8"?>
<testng-results ignored="0" total="1" passed="1" failed="0" skipped="0">
  <reporter-output>
  </reporter-output>
  <suite started-at="2018-10-28T08:04:25Z" name="TestSuite" finished-at="2018-10-28T08:04:25Z" duration-ms="47">
    <groups>
    </groups>
    <test started-at="2018-10-28T08:04:25Z" name="TestNGTest" finished-at="2018-10-28T08:04:25Z" duration-ms="47">
      <class name="com.sdk.test.TestCase">
        <test-method signature="message()[pri:0, instance:com.sdk.test.TestCase@4c178a76]" started-at="2018-10-28T08:04:25Z" name="message" finished-at="2018-10-28T08:04:25Z" duration-ms="16" status="PASS">
          <reporter-output>
          </reporter-output>
        </test-method> <!-- message -->
      </class> <!-- com.sdk.test.TestCase -->
    </test> <!-- TestNGTest -->
  </suite> <!-- TestSuite -->
</testng-results>
